d:\学习资料\大四\数字通信系统\fsk\fsk\debug\fsk.pch
d:\学习资料\大四\数字通信系统\fsk\fsk\debug\vc142.pdb
d:\学习资料\大四\数字通信系统\fsk\fsk\debug\vc142.idb
d:\学习资料\大四\数字通信系统\fsk\fsk\debug\pch.obj
d:\学习资料\大四\数字通信系统\fsk\fsk\debug\fskdlg.obj
d:\学习资料\大四\数字通信系统\fsk\fsk\debug\fsk.obj
d:\学习资料\大四\数字通信系统\fsk\fsk\debug\ctabdlg1.obj
d:\学习资料\大四\数字通信系统\fsk\fsk\debug\sigtranmit.obj
d:\学习资料\大四\数字通信系统\fsk\fsk\debug\ctabdlg2.obj
d:\学习资料\大四\数字通信系统\fsk\fsk\debug\fsk.exe
d:\学习资料\大四\数字通信系统\fsk\fsk\debug\fsk.ilk
d:\学习资料\大四\数字通信系统\fsk\fsk\debug\fsk.pdb
d:\学习资料\大四\数字通信系统\fsk\fsk\debug\fsk.res
d:\学习资料\大四\数字通信系统\fsk\fsk\debug\fsk.tlog\cl.command.1.tlog
d:\学习资料\大四\数字通信系统\fsk\fsk\debug\fsk.tlog\cl.read.1.tlog
d:\学习资料\大四\数字通信系统\fsk\fsk\debug\fsk.tlog\cl.write.1.tlog
d:\学习资料\大四\数字通信系统\fsk\fsk\debug\fsk.tlog\link.command.1.tlog
d:\学习资料\大四\数字通信系统\fsk\fsk\debug\fsk.tlog\link.read.1.tlog
d:\学习资料\大四\数字通信系统\fsk\fsk\debug\fsk.tlog\link.write.1.tlog
d:\学习资料\大四\数字通信系统\fsk\fsk\debug\fsk.tlog\rc.command.1.tlog
d:\学习资料\大四\数字通信系统\fsk\fsk\debug\fsk.tlog\rc.read.1.tlog
d:\学习资料\大四\数字通信系统\fsk\fsk\debug\fsk.tlog\rc.write.1.tlog
